npm warn Unknown project config "auto-install-peers". This will stop working in the next major version of npm. See `npm help npmrc` for supported config options.

> admin@0.1.0 dev
> next dev

⚠ Port 3000 is in use by an unknown process, using available port 3001 instead.
▲ Next.js 16.2.1 (Turbopack)
- Local:         http://localhost:3001
- Network:       http://192.168.0.2:3001
✓ Ready in 620ms
⨯ Another next dev server is already running.

- Local:        http://localhost:3000
- PID:          2169096
- Dir:          /app/apps/admin
- Log:          .next/dev/logs/next-development.log

Run kill 2169096 to stop it.
[?25h
npm error Lifecycle script `dev` failed with error:
npm error code 1
npm error path /app/apps/admin
npm error workspace admin@0.1.0
npm error location /app/apps/admin
npm error command failed
npm error command sh -c next dev
